<?xml version="1.0" encoding="UTF-8"?>
<!-- Generated by org.testng.reporters.JUnitReportReporter -->
<testsuite hostname="BADBOY" failures="0" tests="4" name="com.LoginAndRegistrationTest" time="41.922" errors="0" timestamp="2023-08-03T00:06:21 IST" skipped="0">
  <testcase classname="com.LoginAndRegistrationTest" name="Launch" time="4.916"/>
  <testcase classname="com.LoginAndRegistrationTest" name="testValidLogin" time="6.203"/>
  <testcase classname="com.LoginAndRegistrationTest" name="testValidRegistration" time="18.310"/>
  <testcase classname="com.LoginAndRegistrationTest" name="testNewAadharCardApplication" time="12.493"/>
</testsuite> <!-- com.LoginAndRegistrationTest -->
