<?xml version="1.0" encoding="UTF-8"?>
<!-- Generated by org.testng.reporters.JUnitReportReporter -->
<testsuite hostname="BADBOY" failures="0" tests="3" name="com.LoginAndRegistrationTest" time="64.469" errors="0" timestamp="2023-08-03T15:04:58 IST" skipped="0">
  <testcase classname="com.LoginAndRegistrationTest" name="Launch" time="11.803"/>
  <testcase classname="com.LoginAndRegistrationTest" name="testValidLogin" time="20.354"/>
  <testcase classname="com.LoginAndRegistrationTest" name="testValidRegistration" time="32.312"/>
</testsuite> <!-- com.LoginAndRegistrationTest -->
